  first_select.c
first_select.c(57): warning C4013: 'select_mine'이(가) 정의되지 않았습니다. extern은 int형을 반환하는 것으로 간주합니다.
first_select.c(70): warning C4013: 'mine_seed'이(가) 정의되지 않았습니다. extern은 int형을 반환하는 것으로 간주합니다.
first_select.c(71): warning C4013: 'mine_check'이(가) 정의되지 않았습니다. extern은 int형을 반환하는 것으로 간주합니다.
  main.c
main.c(22): warning C4013: 'setting'이(가) 정의되지 않았습니다. extern은 int형을 반환하는 것으로 간주합니다.
main.c(25): warning C4013: 'mine_seed'이(가) 정의되지 않았습니다. extern은 int형을 반환하는 것으로 간주합니다.
main.c(26): warning C4013: 'mine_check'이(가) 정의되지 않았습니다. extern은 int형을 반환하는 것으로 간주합니다.
main.c(29): warning C4013: 'screen'이(가) 정의되지 않았습니다. extern은 int형을 반환하는 것으로 간주합니다.
main.c(30): warning C4013: 'first_select'이(가) 정의되지 않았습니다. extern은 int형을 반환하는 것으로 간주합니다.
main.c(34): warning C4013: 'select'이(가) 정의되지 않았습니다. extern은 int형을 반환하는 것으로 간주합니다.
main.c(38): warning C4013: 'system'이(가) 정의되지 않았습니다. extern은 int형을 반환하는 것으로 간주합니다.
main.c(22): warning C4047: '초기화 중': 'mine **'의 간접 참조 수준이 'int'과(와) 다릅니다.
  mine_set.c
mine_set.c(62): warning C4047: '=': 'int *'의 간접 참조 수준이 'int'과(와) 다릅니다.
mine_set.c(67): warning C4047: '=': 'int *'의 간접 참조 수준이 'int'과(와) 다릅니다.
mine_set.c(72): warning C4047: '=': 'int *'의 간접 참조 수준이 'int'과(와) 다릅니다.
mine_set.c(77): warning C4047: '=': 'int *'의 간접 참조 수준이 'int'과(와) 다릅니다.
mine_set.c(82): warning C4047: '=': 'int *'의 간접 참조 수준이 'int'과(와) 다릅니다.
mine_set.c(87): warning C4013: 'time'이(가) 정의되지 않았습니다. extern은 int형을 반환하는 것으로 간주합니다.
  screen.c
screen.c(31): warning C4013: 'system'이(가) 정의되지 않았습니다. extern은 int형을 반환하는 것으로 간주합니다.
  select.c
select.c(42): warning C4013: 'winlose'이(가) 정의되지 않았습니다. extern은 int형을 반환하는 것으로 간주합니다.
  win_lose.c
  코드를 생성하고 있습니다.
d:\visual studio 2017\지뢰찾기\지뢰찾기\win_lose.c(45): warning C4715: 'winlose': 모든 제어 경로에서 값을 반환하지는 않습니다.
d:\visual studio 2017\지뢰찾기\지뢰찾기\select.c(57): warning C4715: 'select': 모든 제어 경로에서 값을 반환하지는 않습니다.
d:\visual studio 2017\지뢰찾기\지뢰찾기\first_select.c(61): warning C4715: 'first_select': 모든 제어 경로에서 값을 반환하지는 않습니다.
  10 of 16 functions (62.5%) were compiled, the rest were copied from previous compilation.
    0 functions were new in current compilation
    0 functions had inline decision re-evaluated but remain unchanged
  코드를 생성했습니다.
  지뢰찾기.vcxproj -> D:\Visual Studio 2017\지뢰찾기\Release\지뢰찾기.exe
