  win_lose.c
  screen.c
  select.c
d:\visual studio 2017\지뢰찾기\지뢰찾기\select.c(32): warning C4047: '==': 'int'의 간접 참조 수준이 'char [2]'과(와) 다릅니다.
d:\visual studio 2017\지뢰찾기\지뢰찾기\select.c(41): warning C4013: 'winlose'이(가) 정의되지 않았습니다. extern은 int형을 반환하는 것으로 간주합니다.
d:\visual studio 2017\지뢰찾기\지뢰찾기\select.c(64): warning C4553: '==': 의미 없는 연산자입니다. '='을(를) 사용하려고 했습니까?
  main.c
d:\visual studio 2017\지뢰찾기\지뢰찾기\main.c(19): warning C4013: 'setting'이(가) 정의되지 않았습니다. extern은 int형을 반환하는 것으로 간주합니다.
d:\visual studio 2017\지뢰찾기\지뢰찾기\main.c(21): warning C4013: 'mine_seed'이(가) 정의되지 않았습니다. extern은 int형을 반환하는 것으로 간주합니다.
d:\visual studio 2017\지뢰찾기\지뢰찾기\main.c(22): warning C4013: 'mine_check'이(가) 정의되지 않았습니다. extern은 int형을 반환하는 것으로 간주합니다.
d:\visual studio 2017\지뢰찾기\지뢰찾기\main.c(25): warning C4013: 'screen'이(가) 정의되지 않았습니다. extern은 int형을 반환하는 것으로 간주합니다.
d:\visual studio 2017\지뢰찾기\지뢰찾기\main.c(26): warning C4013: 'first_select'이(가) 정의되지 않았습니다. extern은 int형을 반환하는 것으로 간주합니다.
d:\visual studio 2017\지뢰찾기\지뢰찾기\main.c(30): warning C4013: 'select'이(가) 정의되지 않았습니다. extern은 int형을 반환하는 것으로 간주합니다.
d:\visual studio 2017\지뢰찾기\지뢰찾기\main.c(19): warning C4047: '초기화 중': 'mine **'의 간접 참조 수준이 'int'과(와) 다릅니다.
  mine_set.c
d:\visual studio 2017\지뢰찾기\지뢰찾기\mine_set.c(59): warning C4047: '=': 'int *'의 간접 참조 수준이 'int'과(와) 다릅니다.
d:\visual studio 2017\지뢰찾기\지뢰찾기\mine_set.c(64): warning C4047: '=': 'int *'의 간접 참조 수준이 'int'과(와) 다릅니다.
d:\visual studio 2017\지뢰찾기\지뢰찾기\mine_set.c(69): warning C4047: '=': 'int *'의 간접 참조 수준이 'int'과(와) 다릅니다.
d:\visual studio 2017\지뢰찾기\지뢰찾기\mine_set.c(74): warning C4047: '=': 'int *'의 간접 참조 수준이 'int'과(와) 다릅니다.
d:\visual studio 2017\지뢰찾기\지뢰찾기\mine_set.c(79): warning C4047: '=': 'int *'의 간접 참조 수준이 'int'과(와) 다릅니다.
d:\visual studio 2017\지뢰찾기\지뢰찾기\mine_set.c(84): warning C4013: 'time'이(가) 정의되지 않았습니다. extern은 int형을 반환하는 것으로 간주합니다.
  first_select.c
d:\visual studio 2017\지뢰찾기\지뢰찾기\first_select.c(66): warning C4013: 'mine_seed'이(가) 정의되지 않았습니다. extern은 int형을 반환하는 것으로 간주합니다.
d:\visual studio 2017\지뢰찾기\지뢰찾기\first_select.c(67): warning C4013: 'mine_check'이(가) 정의되지 않았습니다. extern은 int형을 반환하는 것으로 간주합니다.
  코드를 생성하고 있습니다...
d:\visual studio 2017\지뢰찾기\지뢰찾기\first_select.c(57): warning C4715: 'first_select': 모든 제어 경로에서 값을 반환하지는 않습니다.
d:\visual studio 2017\지뢰찾기\지뢰찾기\select.c(54): warning C4715: 'select': 모든 제어 경로에서 값을 반환하지는 않습니다.
d:\visual studio 2017\지뢰찾기\지뢰찾기\win_lose.c(32): warning C4715: 'winlose': 모든 제어 경로에서 값을 반환하지는 않습니다.
  지뢰찾기.vcxproj -> D:\Visual Studio 2017\지뢰찾기\Debug\지뢰찾기.exe
  지뢰찾기.vcxproj -> D:\Visual Studio 2017\지뢰찾기\Debug\지뢰찾기.pdb (Partial PDB)
